2020-03-20 05:04:28,712 --- s
2020-03-20 05:04:56,786 --- ssssssssssss
2020-03-20 05:12:09,918 --- ssssssssssss
2020-03-20 05:12:50 - root - INFO: - ssssssssssss
2020-03-20 05:33:09 - root - INFO: - a:a
 b:b
 c:10


2020-03-20 05:34:34 - root - INFO: - Lane Segmentation Start...:a
2020-03-20 06:02:58 - root - INFO: - Lane Segmentation Start...
2020-03-20 06:03:53 - root - INFO: - Lane Segmentation Start...
2020-03-20 06:04:23 - root - INFO: - Lane Segmentation Start...
2020-03-20 06:04:44 - root - INFO: - Lane Segmentation Start...
2020-03-20 07:26:53 - root - INFO: - Acc:1.1, Acc_class:2.2, mIoU:3.3, fwIoU: 4.4
2020-03-20 11:34:38 - root - INFO: - Lane Segmentation Start...
2020-03-20 11:35:43 - root - INFO: - Lane Segmentation Start...
2020-03-20 11:37:19 - root - INFO: - Lane Segmentation Start...
2020-03-20 11:37:19 - root - INFO: - training config :Namespace(base_lr=0.01, cuda=False, epochs=False, num_works=False, number_class=False, save_path='result', weight_decay=0.0001)
2020-03-20 11:40:44 - root - INFO: - Lane Segmentation Start...
2020-03-20 11:40:44 - root - INFO: - Training config : Namespace(base_lr=0.01, cuda=False, epochs=4, num_works=0, number_class=8, save_path='result', weight_decay=0.0001)
2020-03-20 11:41:43 - root - INFO: - Lane Segmentation Start...
2020-03-20 11:41:43 - root - INFO: - Training config : Namespace(base_lr=0.01, cuda=False, epochs=4, num_works=0, number_class=8, save_path='result', weight_decay=0.0001)
2020-03-20 11:41:47 - root - INFO: - start training
2020-03-20 12:06:42 - root - INFO: - The length of image dataset is 14264, and label is 14264
2020-03-20 12:44:04 - root - INFO: - make list start...
2020-03-20 12:44:06 - root - INFO: - The length of image dataset is 14264, and label is 14264
2020-03-20 12:44:06 - root - INFO: - make list end...
2020-03-24 00:04:56 - root - INFO: - Lane Segmentation Start...
2020-03-24 00:04:56 - root - INFO: - ======start semantic segment=======
2020-03-24 00:04:56 - root - INFO: - Training config : Namespace(base_lr=0.01, cuda=False, epochs=4, net='deeplabv3p', num_works=0, number_class=8, save_path='result', weight_decay=0.0001)
2020-03-24 00:11:42 - root - INFO: - Lane Segmentation Start...
2020-03-24 00:11:42 - root - INFO: - ======start semantic segment=======
2020-03-24 00:11:42 - root - INFO: - Training config : Namespace(base_lr=0.01, cuda=False, epochs=4, net='deeplabv3p', num_works=0, number_class=8, save_path='result', weight_decay=0.0001)
2020-03-24 00:12:28 - root - INFO: - Lane Segmentation Start...
2020-03-24 00:12:28 - root - INFO: - ======start semantic segment=======
2020-03-24 00:12:28 - root - INFO: - Training config : Namespace(base_lr=0.01, cuda=False, epochs=4, net='unet', num_works=0, number_class=8, save_path='result', weight_decay=0.0001)
2020-03-24 00:19:58 - root - INFO: - Lane Segmentation Start...
2020-03-24 00:19:58 - root - INFO: - ======start semantic segment=======
2020-03-24 00:19:58 - root - INFO: - Training config : Namespace(backbone='drn', base_lr=0.01, cuda=False, epochs=4, freeze_bn=False, net='unet', num_works=0, number_class=8, save_path='result', sync_bn=False, weight_decay=0.0001)
